<?xml version="1.0" encoding="UTF-8"?>
<testsuite xmlns:xsi="http://www.w3.org/2001/XMLSchema-instance" xsi:noNamespaceSchemaLocation="https://maven.apache.org/surefire/maven-surefire-plugin/xsd/surefire-test-report.xsd" version="3.0.2" name="com.firstclub.membership.domain.strategy.CohortEligibilityStrategyTest" time="0.004" tests="2" errors="0" skipped="0" failures="0" flakes="0">
  <properties>
[...]
</properties>
  <testcase name="isEligible_WhenTierCohortIdNull_ShouldReturnFalse" classname="com.firstclub.membership.domain.strategy.CohortEligibilityStrategyTest" time="0.002"/>
  <testcase name="isEligible_WhenCohortMatches_ShouldReturnTrue" classname="com.firstclub.membership.domain.strategy.CohortEligibilityStrategyTest" time="0.0"/>
</testsuite>